<?xml version="1.0" encoding="UTF-8"?>
<testng-results skipped="0" failed="1" ignored="0" total="1" passed="0">
  <reporter-output>
  </reporter-output>
  <suite name="Default suite" duration-ms="13983" started-at="2018-10-01T20:43:33Z" finished-at="2018-10-01T20:43:47Z">
    <groups>
    </groups>
    <test name="Default test" duration-ms="13983" started-at="2018-10-01T20:43:33Z" finished-at="2018-10-01T20:43:47Z">
      <class name="com.testsuite_regression.TP_TC_084">
        <test-method status="PASS" signature="initialise()[pri:0, instance:com.testsuite_regression.TP_TC_084@6e0e048a]" name="initialise" is-config="true" duration-ms="11797" started-at="2018-10-01T20:43:33Z" finished-at="2018-10-01T20:43:45Z">
          <reporter-output>
          </reporter-output>
        </test-method> <!-- initialise -->
        <test-method status="FAIL" signature="createService()[pri:0, instance:com.testsuite_regression.TP_TC_084@6e0e048a]" name="createService" duration-ms="231" started-at="2018-10-01T20:43:45Z" finished-at="2018-10-01T20:43:45Z">
          <exception class="java.lang.NullPointerException">
            <full-stacktrace>
              <![CDATA[java.lang.NullPointerException
at com.testsuite_regression.TP_TC_084.createService(TP_TC_084.java:38)
at sun.reflect.NativeMethodAccessorImpl.invoke0(Native Method)
at sun.reflect.NativeMethodAccessorImpl.invoke(NativeMethodAccessorImpl.java:62)
at sun.reflect.DelegatingMethodAccessorImpl.invoke(DelegatingMethodAccessorImpl.java:43)
at java.lang.reflect.Method.invoke(Method.java:498)
at org.testng.internal.MethodInvocationHelper.invokeMethod(MethodInvocationHelper.java:124)
at org.testng.internal.Invoker.invokeMethod(Invoker.java:580)
at org.testng.internal.Invoker.invokeTestMethod(Invoker.java:716)
at org.testng.internal.Invoker.invokeTestMethods(Invoker.java:988)
at org.testng.internal.TestMethodWorker.invokeTestMethods(TestMethodWorker.java:125)
at org.testng.internal.TestMethodWorker.run(TestMethodWorker.java:109)
at org.testng.TestRunner.privateRun(TestRunner.java:648)
at org.testng.TestRunner.run(TestRunner.java:505)
at org.testng.SuiteRunner.runTest(SuiteRunner.java:455)
at org.testng.SuiteRunner.runSequentially(SuiteRunner.java:450)
at org.testng.SuiteRunner.privateRun(SuiteRunner.java:415)
at org.testng.SuiteRunner.run(SuiteRunner.java:364)
at org.testng.SuiteRunnerWorker.runSuite(SuiteRunnerWorker.java:52)
at org.testng.SuiteRunnerWorker.run(SuiteRunnerWorker.java:84)
at org.testng.TestNG.runSuitesSequentially(TestNG.java:1208)
at org.testng.TestNG.runSuitesLocally(TestNG.java:1137)
at org.testng.TestNG.runSuites(TestNG.java:1049)
at org.testng.TestNG.run(TestNG.java:1017)
at org.testng.remote.AbstractRemoteTestNG.run(AbstractRemoteTestNG.java:114)
at org.testng.remote.RemoteTestNG.initAndRun(RemoteTestNG.java:251)
at org.testng.remote.RemoteTestNG.main(RemoteTestNG.java:77)
]]>
            </full-stacktrace>
          </exception> <!-- java.lang.NullPointerException -->
          <reporter-output>
          </reporter-output>
        </test-method> <!-- createService -->
        <test-method status="PASS" signature="tearDown(org.testng.ITestResult)[pri:0, instance:com.testsuite_regression.TP_TC_084@6e0e048a]" name="tearDown" is-config="true" duration-ms="932" started-at="2018-10-01T20:43:45Z" finished-at="2018-10-01T20:43:46Z">
          <params>
            <param index="0">
              <value>
                <![CDATA[[TestResult name=createService status=FAILURE method=TP_TC_084.createService()[pri:0, instance:com.testsuite_regression.TP_TC_084@6e0e048a] output={null}]]]>
              </value>
            </param>
          </params>
          <reporter-output>
          </reporter-output>
        </test-method> <!-- tearDown -->
        <test-method status="PASS" signature="closebrowser()[pri:0, instance:com.testsuite_regression.TP_TC_084@6e0e048a]" name="closebrowser" is-config="true" duration-ms="961" started-at="2018-10-01T20:43:46Z" finished-at="2018-10-01T20:43:47Z">
          <reporter-output>
          </reporter-output>
        </test-method> <!-- closebrowser -->
      </class> <!-- com.testsuite_regression.TP_TC_084 -->
    </test> <!-- Default test -->
  </suite> <!-- Default suite -->
</testng-results>
