<?xml version="1.0" encoding="UTF-8"?>
<!-- Generated by org.testng.reporters.JUnitXMLReporter -->
<testsuite hostname="DESKTOP-KI73JF1" ignored="0" name="Test 5" tests="1" failures="1" timestamp="01 Oct 2018 20:13:50 GMT" time="0.119" errors="0">
  <testcase name="@AfterClass closebrowser" time="0.004" classname="com.testsuite_regression.TP_TC_083">
    <failure type="java.lang.NullPointerException">
      <![CDATA[java.lang.NullPointerException
at com.base.BaseClass.tearDown(BaseClass.java:76)
at com.testsuite_regression.TP_TC_083.closebrowser(TP_TC_083.java:55)
... Removed 26 stack frames]]>
    </failure>
  </testcase> <!-- @AfterClass closebrowser -->
  <testcase name="deleteURL" time="0.0" classname="com.testsuite_regression.TP_TC_083">
    <failure type="org.testng.TestNGException" message="
Method public void com.testsuite_regression.TP_TC_083.deleteURL(java.lang.String,java.lang.String) throws java.lang.InterruptedException requires a @DataProvider named : LoginData">
      <![CDATA[org.testng.TestNGException: 
Method public void com.testsuite_regression.TP_TC_083.deleteURL(java.lang.String,java.lang.String) throws java.lang.InterruptedException requires a @DataProvider named : LoginData
... Removed 22 stack frames]]>
    </failure>
  </testcase> <!-- deleteURL -->
</testsuite> <!-- Test 5 -->
