<?xml version="1.0" encoding="UTF-8"?>
<!-- Generated by org.testng.reporters.JUnitReportReporter -->
<testsuite skipped="0" hostname="DESKTOP-KI73JF1" name="com.testsuite_regression.TP_TC_091" tests="2" failures="0" timestamp="01 Oct 2018 19:23:00 GMT" time="21.670" errors="0">
  <testcase name="PlugPage" time="18.885" classname="com.testsuite_regression.TP_TC_091"/>
  <testcase name="TransactionPage" time="2.785" classname="com.testsuite_regression.TP_TC_091"/>
</testsuite> <!-- com.testsuite_regression.TP_TC_091 -->
